#
# There is insufficient memory for the Java Runtime Environment to continue.
# Native memory allocation (mmap) failed to map 20971520 bytes for G1 virtual space
# Possible reasons:
#   The system is out of physical RAM or swap space
#   The process is running with CompressedOops enabled, and the Java Heap may be blocking the growth of the native heap
# Possible solutions:
#   Reduce memory load on the system
#   Increase physical memory or swap space
#   Check if swap backing store is full
#   Decrease Java heap size (-Xmx/-Xms)
#   Decrease number of Java threads
#   Decrease Java thread stack sizes (-Xss)
#   Set larger code cache with -XX:ReservedCodeCacheSize=
#   JVM is running with Unscaled Compressed Oops mode in which the Java heap is
#     placed in the first 4GB address space. The Java Heap base address is the
#     maximum limit for the native heap growth. Please use -XX:HeapBaseMinAddress
#     to set the Java Heap base and to place the Java Heap above 4GB virtual address.
# This output file may be truncated or incomplete.
#
#  Out of Memory Error (os_windows.cpp:3769), pid=5644, tid=4272
#
# JRE version: OpenJDK Runtime Environment (17.0.6) (build 17.0.6+0-b2043.56-9586694)
# Java VM: OpenJDK 64-Bit Server VM (17.0.6+0-b2043.56-9586694, mixed mode, tiered, compressed oops, compressed class ptrs, g1 gc, windows-amd64)
# No core dump will be written. Minidumps are not enabled by default on client versions of Windows
#

---------------  S U M M A R Y ------------

Command Line: --add-opens=java.base/java.util=ALL-UNNAMED --add-opens=java.base/java.lang=ALL-UNNAMED --add-opens=java.base/java.lang.invoke=ALL-UNNAMED --add-opens=java.prefs/java.util.prefs=ALL-UNNAMED --add-opens=java.base/java.nio.charset=ALL-UNNAMED --add-opens=java.base/java.net=ALL-UNNAMED --add-opens=java.base/java.util.concurrent.atomic=ALL-UNNAMED -Xmx2048m -Dfile.encoding=UTF-8 -Duser.country=US -Duser.language=en -Duser.variant org.gradle.launcher.daemon.bootstrap.GradleDaemon 8.0

Host: Intel(R) Core(TM) i5-5300U CPU @ 2.30GHz, 4 cores, 7G,  Windows 10 , 64 bit Build 19041 (10.0.19041.3031)
Time: Wed Jul  5 21:59:58 2023 E. Africa Standard Time elapsed time: 45.984237 seconds (0d 0h 0m 45s)

---------------  T H R E A D  ---------------

Current thread (0x000001b17da0a750):  VMThread "VM Thread" [stack: 0x0000008142a00000,0x0000008142b00000] [id=4272]

Stack: [0x0000008142a00000,0x0000008142b00000]
Native frames: (J=compiled Java code, j=interpreted, Vv=VM code, C=native code)
V  [jvm.dll+0x683b4a]
V  [jvm.dll+0x842654]
V  [jvm.dll+0x843dfe]
V  [jvm.dll+0x844463]
V  [jvm.dll+0x249b75]
V  [jvm.dll+0x680a19]
V  [jvm.dll+0x674f0a]
V  [jvm.dll+0x309acb]
V  [jvm.dll+0x310f86]
V  [jvm.dll+0x3608ee]
V  [jvm.dll+0x360b1f]
V  [jvm.dll+0x2dfbf8]
V  [jvm.dll+0x2ddec4]
V  [jvm.dll+0x2dd4cc]
V  [jvm.dll+0x321f3b]
V  [jvm.dll+0x84893b]
V  [jvm.dll+0x849674]
V  [jvm.dll+0x849b8d]
V  [jvm.dll+0x849f64]
V  [jvm.dll+0x84a030]
V  [jvm.dll+0x7f25fa]
V  [jvm.dll+0x682985]
C  [ucrtbase.dll+0x21bb2]
C  [KERNEL32.DLL+0x17614]
C  [ntdll.dll+0x526f1]

VM_Operation (0x00000081440f26e0): G1CollectForAllocation, mode: safepoint, requested by thread 0x000001b10fad4430


---------------  P R O C E S S  ---------------

Threads class SMR info:
_java_thread_list=0x000001b11286b440, length=81, elements={
0x000001b173459030, 0x000001b17da0d370, 0x000001b17da0f380, 0x000001b17da30d70,
0x000001b17da56f60, 0x000001b17da59440, 0x000001b17da59d00, 0x000001b17da5a9a0,
0x000001b17da5e850, 0x000001b17e434bd0, 0x000001b17e58b160, 0x000001b17e58ba40,
0x000001b17ff050a0, 0x000001b17ff62760, 0x000001b10f9671d0, 0x000001b17fd8b190,
0x000001b10fcac940, 0x000001b10fe7d030, 0x000001b10fad4430, 0x000001b17fc163c0,
0x000001b17fc16890, 0x000001b10fc65a10, 0x000001b17fd88370, 0x000001b17fd88d10,
0x000001b17fd896b0, 0x000001b17fd879d0, 0x000001b17fd86690, 0x000001b17fd87030,
0x000001b17fd87ea0, 0x000001b17fd86b60, 0x000001b17fd87500, 0x000001b17fd891e0,
0x000001b17fd89b80, 0x000001b17fd861c0, 0x000001b112309970, 0x000001b1123094a0,
0x000001b112309e40, 0x000001b11230b180, 0x000001b11230b650, 0x000001b11230a7e0,
0x000001b11230bff0, 0x000001b10f81ef30, 0x000001b10f81bf10, 0x000001b10f81f400,
0x000001b10f819890, 0x000001b10f8193c0, 0x000001b10f81abd0, 0x000001b10f81f8d0,
0x000001b10f819d60, 0x000001b10f81a700, 0x000001b10f81a230, 0x000001b10f81b0a0,
0x000001b10f81b570, 0x000001b10f81ba40, 0x000001b10f81cd80, 0x000001b10f818080,
0x000001b10f81ea60, 0x000001b10f81c3e0, 0x000001b10f81c8b0, 0x000001b10f81dbf0,
0x000001b10f818550, 0x000001b10f81d250, 0x000001b10f818a20, 0x000001b10f818ef0,
0x000001b10f81d720, 0x000001b10f81e0c0, 0x000001b10f81e590, 0x000001b17ff5bb10,
0x000001b17ff5c980, 0x000001b17ff56940, 0x000001b17ff5ce50, 0x000001b17ff55600,
0x000001b17ff5a7d0, 0x000001b17ff58af0, 0x000001b17ff55ad0, 0x000001b17ff59960,
0x000001b17ff5bfe0, 0x000001b17ff59e30, 0x000001b17ff5c4b0, 0x000001b17fc2c010,
0x000001b17ff5a300
}

Java Threads: ( => current thread )
  0x000001b173459030 JavaThread "main" [_thread_blocked, id=16888, stack(0x0000008142400000,0x0000008142500000)]
  0x000001b17da0d370 JavaThread "Reference Handler" daemon [_thread_blocked, id=18904, stack(0x0000008142b00000,0x0000008142c00000)]
  0x000001b17da0f380 JavaThread "Finalizer" daemon [_thread_blocked, id=700, stack(0x0000008142c00000,0x0000008142d00000)]
  0x000001b17da30d70 JavaThread "Signal Dispatcher" daemon [_thread_blocked, id=17528, stack(0x0000008142d00000,0x0000008142e00000)]
  0x000001b17da56f60 JavaThread "Attach Listener" daemon [_thread_blocked, id=2212, stack(0x0000008142e00000,0x0000008142f00000)]
  0x000001b17da59440 JavaThread "Service Thread" daemon [_thread_blocked, id=17892, stack(0x0000008142f00000,0x0000008143000000)]
  0x000001b17da59d00 JavaThread "Monitor Deflation Thread" daemon [_thread_blocked, id=2336, stack(0x0000008143000000,0x0000008143100000)]
  0x000001b17da5a9a0 JavaThread "C2 CompilerThread0" daemon [_thread_in_native, id=17872, stack(0x0000008143100000,0x0000008143200000)]
  0x000001b17da5e850 JavaThread "C1 CompilerThread0" daemon [_thread_blocked, id=17572, stack(0x0000008143200000,0x0000008143300000)]
  0x000001b17e434bd0 JavaThread "Sweeper thread" daemon [_thread_blocked, id=5300, stack(0x0000008143300000,0x0000008143400000)]
  0x000001b17e58b160 JavaThread "Common-Cleaner" daemon [_thread_blocked, id=9320, stack(0x0000008143400000,0x0000008143500000)]
  0x000001b17e58ba40 JavaThread "Notification Thread" daemon [_thread_blocked, id=18772, stack(0x0000008143500000,0x0000008143600000)]
  0x000001b17ff050a0 JavaThread "Daemon health stats" [_thread_blocked, id=13996, stack(0x0000008143b00000,0x0000008143c00000)]
  0x000001b17ff62760 JavaThread "Incoming local TCP Connector on port 56791" [_thread_in_native, id=7088, stack(0x0000008143700000,0x0000008143800000)]
  0x000001b10f9671d0 JavaThread "Daemon periodic checks" [_thread_blocked, id=13236, stack(0x0000008143c00000,0x0000008143d00000)]
  0x000001b17fd8b190 JavaThread "Daemon" [_thread_blocked, id=5188, stack(0x0000008143d00000,0x0000008143e00000)]
  0x000001b10fcac940 JavaThread "Handler for socket connection from /127.0.0.1:56791 to /127.0.0.1:56792" [_thread_in_native, id=15224, stack(0x0000008143e00000,0x0000008143f00000)]
  0x000001b10fe7d030 JavaThread "Cancel handler" [_thread_blocked, id=13084, stack(0x0000008143f00000,0x0000008144000000)]
  0x000001b10fad4430 JavaThread "Daemon worker" [_thread_blocked, id=8912, stack(0x0000008144000000,0x0000008144100000)]
  0x000001b17fc163c0 JavaThread "Asynchronous log dispatcher for DefaultDaemonConnection: socket connection from /127.0.0.1:56791 to /127.0.0.1:56792" [_thread_blocked, id=4812, stack(0x0000008144100000,0x0000008144200000)]
  0x000001b17fc16890 JavaThread "Stdin handler" [_thread_blocked, id=17712, stack(0x0000008144200000,0x0000008144300000)]
  0x000001b10fc65a10 JavaThread "Daemon client event forwarder" [_thread_blocked, id=1220, stack(0x0000008144300000,0x0000008144400000)]
  0x000001b17fd88370 JavaThread "Cache worker for journal cache (C:\Users\ari\.gradle\caches\journal-1)" [_thread_blocked, id=15628, stack(0x0000008144400000,0x0000008144500000)]
  0x000001b17fd88d10 JavaThread "File lock request listener" [_thread_in_native, id=8460, stack(0x0000008144500000,0x0000008144600000)]
  0x000001b17fd896b0 JavaThread "Cache worker for file hash cache (C:\Users\ari\.gradle\caches\8.0\fileHashes)" [_thread_blocked, id=19416, stack(0x0000008144600000,0x0000008144700000)]
  0x000001b17fd879d0 JavaThread "File watcher server" daemon [_thread_in_native, id=976, stack(0x0000008144800000,0x0000008144900000)]
  0x000001b17fd86690 JavaThread "File watcher consumer" daemon [_thread_blocked, id=15552, stack(0x0000008144900000,0x0000008144a00000)]
  0x000001b17fd87030 JavaThread "Cache worker for checksums cache (C:\Users\ari\AndroidStudioProjects\Services\.gradle\8.0\checksums)" [_thread_blocked, id=19452, stack(0x0000008144a00000,0x0000008144b00000)]
  0x000001b17fd87ea0 JavaThread "Cache worker for cache directory md-rule (C:\Users\ari\.gradle\caches\8.0\md-rule)" [_thread_blocked, id=11420, stack(0x0000008144b00000,0x0000008144c00000)]
  0x000001b17fd86b60 JavaThread "Cache worker for file content cache (C:\Users\ari\.gradle\caches\8.0\fileContent)" [_thread_blocked, id=5820, stack(0x0000008144c00000,0x0000008144d00000)]
  0x000001b17fd87500 JavaThread "Cache worker for file hash cache (C:\Users\ari\AndroidStudioProjects\Services\.gradle\8.0\fileHashes)" [_thread_blocked, id=10780, stack(0x0000008144d00000,0x0000008144e00000)]
  0x000001b17fd891e0 JavaThread "Cache worker for cache directory md-supplier (C:\Users\ari\.gradle\caches\8.0\md-supplier)" [_thread_blocked, id=3536, stack(0x0000008144e00000,0x0000008144f00000)]
  0x000001b17fd89b80 JavaThread "Cache worker for execution history cache (C:\Users\ari\.gradle\caches\8.0\executionHistory)" [_thread_blocked, id=8656, stack(0x0000008144700000,0x0000008144800000)]
  0x000001b17fd861c0 JavaThread "jar transforms" [_thread_blocked, id=18480, stack(0x0000008144f00000,0x0000008145000000)]
  0x000001b112309970 JavaThread "jar transforms Thread 2" [_thread_blocked, id=19352, stack(0x0000008145100000,0x0000008145200000)]
  0x000001b1123094a0 JavaThread "jar transforms Thread 3" [_thread_blocked, id=11356, stack(0x0000008145300000,0x0000008145400000)]
  0x000001b112309e40 JavaThread "jar transforms Thread 4" [_thread_blocked, id=9672, stack(0x0000008145400000,0x0000008145500000)]
  0x000001b11230b180 JavaThread "Cache worker for dependencies-accessors (C:\Users\ari\AndroidStudioProjects\Services\.gradle\8.0\dependencies-accessors)" [_thread_blocked, id=5660, stack(0x0000008145500000,0x0000008145600000)]
  0x000001b11230b650 JavaThread "Cache worker for Build Output Cleanup Cache (C:\Users\ari\AndroidStudioProjects\Services\.gradle\buildOutputCleanup)" [_thread_blocked, id=3500, stack(0x0000008145600000,0x0000008145700000)]
  0x000001b11230a7e0 JavaThread "Unconstrained build operations" [_thread_blocked, id=3040, stack(0x0000008145900000,0x0000008145a00000)]
  0x000001b11230bff0 JavaThread "Unconstrained build operations Thread 2" [_thread_blocked, id=2712, stack(0x0000008145a00000,0x0000008145b00000)]
  0x000001b10f81ef30 JavaThread "Unconstrained build operations Thread 3" [_thread_blocked, id=16464, stack(0x0000008145b00000,0x0000008145c00000)]
  0x000001b10f81bf10 JavaThread "Unconstrained build operations Thread 4" [_thread_blocked, id=10556, stack(0x0000008145c00000,0x0000008145d00000)]
  0x000001b10f81f400 JavaThread "Unconstrained build operations Thread 5" [_thread_blocked, id=18732, stack(0x0000008145d00000,0x0000008145e00000)]
  0x000001b10f819890 JavaThread "Unconstrained build operations Thread 6" [_thread_blocked, id=10380, stack(0x0000008145e00000,0x0000008145f00000)]
  0x000001b10f8193c0 JavaThread "Unconstrained build operations Thread 7" [_thread_blocked, id=6096, stack(0x0000008145f00000,0x0000008146000000)]
  0x000001b10f81abd0 JavaThread "Unconstrained build operations Thread 8" [_thread_blocked, id=10524, stack(0x0000008146000000,0x0000008146100000)]
  0x000001b10f81f8d0 JavaThread "Unconstrained build operations Thread 9" [_thread_blocked, id=6228, stack(0x0000008146100000,0x0000008146200000)]
  0x000001b10f819d60 JavaThread "Unconstrained build operations Thread 10" [_thread_blocked, id=60, stack(0x0000008146200000,0x0000008146300000)]
  0x000001b10f81a700 JavaThread "Unconstrained build operations Thread 11" [_thread_blocked, id=17332, stack(0x0000008146300000,0x0000008146400000)]
  0x000001b10f81a230 JavaThread "Unconstrained build operations Thread 12" [_thread_blocked, id=17596, stack(0x0000008146400000,0x0000008146500000)]
  0x000001b10f81b0a0 JavaThread "Unconstrained build operations Thread 13" [_thread_blocked, id=16856, stack(0x0000008146500000,0x0000008146600000)]
  0x000001b10f81b570 JavaThread "Unconstrained build operations Thread 14" [_thread_blocked, id=14784, stack(0x0000008146600000,0x0000008146700000)]
  0x000001b10f81ba40 JavaThread "Unconstrained build operations Thread 15" [_thread_blocked, id=2600, stack(0x0000008146700000,0x0000008146800000)]
  0x000001b10f81cd80 JavaThread "Unconstrained build operations Thread 16" [_thread_blocked, id=9980, stack(0x0000008146800000,0x0000008146900000)]
  0x000001b10f818080 JavaThread "Unconstrained build operations Thread 17" [_thread_blocked, id=4336, stack(0x0000008146900000,0x0000008146a00000)]
  0x000001b10f81ea60 JavaThread "Unconstrained build operations Thread 18" [_thread_blocked, id=16096, stack(0x0000008146a00000,0x0000008146b00000)]
  0x000001b10f81c3e0 JavaThread "Unconstrained build operations Thread 19" [_thread_blocked, id=19156, stack(0x0000008146b00000,0x0000008146c00000)]
  0x000001b10f81c8b0 JavaThread "Unconstrained build operations Thread 20" [_thread_blocked, id=11392, stack(0x0000008146c00000,0x0000008146d00000)]
  0x000001b10f81dbf0 JavaThread "Unconstrained build operations Thread 21" [_thread_blocked, id=13256, stack(0x0000008146d00000,0x0000008146e00000)]
  0x000001b10f818550 JavaThread "Unconstrained build operations Thread 22" [_thread_blocked, id=7556, stack(0x0000008146e00000,0x0000008146f00000)]
  0x000001b10f81d250 JavaThread "Unconstrained build operations Thread 23" [_thread_blocked, id=380, stack(0x0000008146f00000,0x0000008147000000)]
  0x000001b10f818a20 JavaThread "Unconstrained build operations Thread 24" [_thread_blocked, id=636, stack(0x0000008147000000,0x0000008147100000)]
  0x000001b10f818ef0 JavaThread "Unconstrained build operations Thread 25" [_thread_blocked, id=5028, stack(0x0000008147100000,0x0000008147200000)]
  0x000001b10f81d720 JavaThread "Unconstrained build operations Thread 26" [_thread_blocked, id=12088, stack(0x0000008147200000,0x0000008147300000)]
  0x000001b10f81e0c0 JavaThread "Unconstrained build operations Thread 27" [_thread_blocked, id=2016, stack(0x0000008147300000,0x0000008147400000)]
  0x000001b10f81e590 JavaThread "Unconstrained build operations Thread 28" [_thread_blocked, id=17456, stack(0x0000008147400000,0x0000008147500000)]
  0x000001b17ff5bb10 JavaThread "Unconstrained build operations Thread 29" [_thread_blocked, id=11816, stack(0x0000008147500000,0x0000008147600000)]
  0x000001b17ff5c980 JavaThread "Unconstrained build operations Thread 30" [_thread_blocked, id=18744, stack(0x0000008147600000,0x0000008147700000)]
  0x000001b17ff56940 JavaThread "Unconstrained build operations Thread 31" [_thread_blocked, id=7868, stack(0x0000008147700000,0x0000008147800000)]
  0x000001b17ff5ce50 JavaThread "Unconstrained build operations Thread 32" [_thread_blocked, id=3352, stack(0x0000008147800000,0x0000008147900000)]
  0x000001b17ff55600 JavaThread "Unconstrained build operations Thread 33" [_thread_blocked, id=12888, stack(0x0000008147900000,0x0000008147a00000)]
  0x000001b17ff5a7d0 JavaThread "Unconstrained build operations Thread 34" [_thread_blocked, id=8864, stack(0x0000008147a00000,0x0000008147b00000)]
  0x000001b17ff58af0 JavaThread "Unconstrained build operations Thread 35" [_thread_blocked, id=19056, stack(0x0000008147b00000,0x0000008147c00000)]
  0x000001b17ff55ad0 JavaThread "Unconstrained build operations Thread 36" [_thread_blocked, id=8292, stack(0x0000008147c00000,0x0000008147d00000)]
  0x000001b17ff59960 JavaThread "Unconstrained build operations Thread 37" [_thread_blocked, id=1968, stack(0x0000008147d00000,0x0000008147e00000)]
  0x000001b17ff5bfe0 JavaThread "Unconstrained build operations Thread 38" [_thread_blocked, id=5556, stack(0x0000008147e00000,0x0000008147f00000)]
  0x000001b17ff59e30 JavaThread "Unconstrained build operations Thread 39" [_thread_blocked, id=18440, stack(0x0000008147f00000,0x0000008148000000)]
  0x000001b17ff5c4b0 JavaThread "Unconstrained build operations Thread 40" [_thread_blocked, id=17592, stack(0x0000008148000000,0x0000008148100000)]
  0x000001b17fc2c010 JavaThread "C2 CompilerThread1" daemon [_thread_in_native, id=9300, stack(0x0000008148100000,0x0000008148200000)]
  0x000001b17ff5a300 JavaThread "build event listener" [_thread_blocked, id=592, stack(0x0000008148200000,0x0000008148300000)]

Other Threads:
=>0x000001b17da0a750 VMThread "VM Thread" [stack: 0x0000008142a00000,0x0000008142b00000] [id=4272]
  0x000001b17e5ae500 WatcherThread [stack: 0x0000008143600000,0x0000008143700000] [id=2368]
  0x000001b1734b75a0 GCTaskThread "GC Thread#0" [stack: 0x0000008142500000,0x0000008142600000] [id=12144]
  0x000001b17edc7280 GCTaskThread "GC Thread#1" [stack: 0x0000008143800000,0x0000008143900000] [id=13460]
  0x000001b17e7e33c0 GCTaskThread "GC Thread#2" [stack: 0x0000008143900000,0x0000008143a00000] [id=11864]
  0x000001b17e8492f0 GCTaskThread "GC Thread#3" [stack: 0x0000008143a00000,0x0000008143b00000] [id=10144]
  0x000001b1734c83f0 ConcurrentGCThread "G1 Main Marker" [stack: 0x0000008142600000,0x0000008142700000] [id=11996]
  0x000001b1734c94b0 ConcurrentGCThread "G1 Conc#0" [stack: 0x0000008142700000,0x0000008142800000] [id=16800]
  0x000001b17d8760c0 ConcurrentGCThread "G1 Refine#0" [stack: 0x0000008142800000,0x0000008142900000] [id=4160]
  0x000001b110423760 ConcurrentGCThread "G1 Refine#1" [stack: 0x0000008145200000,0x0000008145300000] [id=13720]
  0x000001b17d8769f0 ConcurrentGCThread "G1 Service" [stack: 0x0000008142900000,0x0000008142a00000] [id=6860]

Threads with active compile tasks:
C2 CompilerThread0    46042 6532   !   4       java.net.URLClassLoader::findClass (47 bytes)
C2 CompilerThread1    46042 6592       4       jdk.internal.org.objectweb.asm.Frame::execute (2305 bytes)

VM state: at safepoint (normal execution)

VM Mutex/Monitor currently owned by a thread:  ([mutex/lock_event])
[0x000001b173443d30] Threads_lock - owner thread: 0x000001b17da0a750
[0x000001b173444bd0] Heap_lock - owner thread: 0x000001b10fad4430

Heap address: 0x0000000080000000, size: 2048 MB, Compressed Oops mode: 32-bit

CDS archive(s) not mapped
Compressed class space mapped at: 0x0000000100000000-0x0000000140000000, reserved size: 1073741824
Narrow klass base: 0x0000000000000000, Narrow klass shift: 3, Narrow klass range: 0x140000000

GC Precious Log:
 CPUs: 4 total, 4 available
 Memory: 8067M
 Large Page Support: Disabled
 NUMA Support: Disabled
 Compressed Oops: Enabled (32-bit)
 Heap Region Size: 1M
 Heap Min Capacity: 8M
 Heap Initial Capacity: 128M
 Heap Max Capacity: 2G
 Pre-touch: Disabled
 Parallel Workers: 4
 Concurrent Workers: 1
 Concurrent Refinement Workers: 4
 Periodic GC: Disabled

Heap:
 garbage-first heap   total 102400K, used 56202K [0x0000000080000000, 0x0000000100000000)
  region size 1024K, 1 young (1024K), 1 survivors (1024K)
 Metaspace       used 63687K, committed 64192K, reserved 1105920K
  class space    used 8348K, committed 8576K, reserved 1048576K

Heap Regions: E=young(eden), S=young(survivor), O=old, HS=humongous(starts), HC=humongous(continues), CS=collection set, F=free, OA=open archive, CA=closed archive, TAMS=top-at-mark-start (previous, next)
|   0|0x0000000080000000, 0x0000000080100000, 0x0000000080100000|100%| O|  |TAMS 0x0000000080100000, 0x0000000080000000| Untracked 
|   1|0x0000000080100000, 0x0000000080200000, 0x0000000080200000|100%| O|  |TAMS 0x0000000080200000, 0x0000000080100000| Untracked 
|   2|0x0000000080200000, 0x0000000080300000, 0x0000000080300000|100%|HS|  |TAMS 0x0000000080300000, 0x0000000080200000| Complete 
|   3|0x0000000080300000, 0x0000000080400000, 0x0000000080400000|100%|HC|  |TAMS 0x0000000080400000, 0x0000000080300000| Complete 
|   4|0x0000000080400000, 0x0000000080500000, 0x0000000080500000|100%|HC|  |TAMS 0x0000000080500000, 0x0000000080400000| Complete 
|   5|0x0000000080500000, 0x0000000080600000, 0x0000000080600000|100%|HC|  |TAMS 0x0000000080600000, 0x0000000080500000| Complete 
|   6|0x0000000080600000, 0x0000000080700000, 0x0000000080700000|100%| O|  |TAMS 0x0000000080700000, 0x0000000080600000| Untracked 
|   7|0x0000000080700000, 0x0000000080800000, 0x0000000080800000|100%| O|  |TAMS 0x0000000080800000, 0x0000000080700000| Untracked 
|   8|0x0000000080800000, 0x0000000080900000, 0x0000000080900000|100%| O|  |TAMS 0x0000000080900000, 0x0000000080800000| Untracked 
|   9|0x0000000080900000, 0x0000000080a00000, 0x0000000080a00000|100%| O|  |TAMS 0x0000000080a00000, 0x0000000080900000| Untracked 
|  10|0x0000000080a00000, 0x0000000080b00000, 0x0000000080b00000|100%| O|  |TAMS 0x0000000080b00000, 0x0000000080a00000| Untracked 
|  11|0x0000000080b00000, 0x0000000080bc3400, 0x0000000080c00000| 76%| O|  |TAMS 0x0000000080b00000, 0x0000000080b00000| Untracked 
|  12|0x0000000080c00000, 0x0000000080d00000, 0x0000000080d00000|100%| O|  |TAMS 0x0000000080d00000, 0x0000000080c00000| Untracked 
|  13|0x0000000080d00000, 0x0000000080e00000, 0x0000000080e00000|100%| O|  |TAMS 0x0000000080e00000, 0x0000000080d00000| Untracked 
|  14|0x0000000080e00000, 0x0000000080f00000, 0x0000000080f00000|100%| O|  |TAMS 0x0000000080f00000, 0x0000000080e00000| Untracked 
|  15|0x0000000080f00000, 0x0000000081000000, 0x0000000081000000|100%| O|  |TAMS 0x0000000081000000, 0x0000000080f00000| Untracked 
|  16|0x0000000081000000, 0x0000000081100000, 0x0000000081100000|100%| O|  |TAMS 0x0000000081100000, 0x0000000081000000| Untracked 
|  17|0x0000000081100000, 0x0000000081200000, 0x0000000081200000|100%| O|  |TAMS 0x0000000081200000, 0x0000000081100000| Untracked 
|  18|0x0000000081200000, 0x0000000081300000, 0x0000000081300000|100%| O|  |TAMS 0x0000000081300000, 0x0000000081200000| Untracked 
|  19|0x0000000081300000, 0x0000000081400000, 0x0000000081400000|100%| O|  |TAMS 0x0000000081400000, 0x0000000081300000| Untracked 
|  20|0x0000000081400000, 0x0000000081500000, 0x0000000081500000|100%| O|  |TAMS 0x0000000081500000, 0x0000000081400000| Untracked 
|  21|0x0000000081500000, 0x0000000081600000, 0x0000000081600000|100%| O|  |TAMS 0x0000000081600000, 0x0000000081500000| Untracked 
|  22|0x0000000081600000, 0x0000000081600000, 0x0000000081700000|  0%| F|  |TAMS 0x0000000081600000, 0x0000000081600000| Untracked 
|  23|0x0000000081700000, 0x0000000081800000, 0x0000000081800000|100%| O|  |TAMS 0x0000000081800000, 0x0000000081700000| Untracked 
|  24|0x0000000081800000, 0x0000000081900000, 0x0000000081900000|100%| O|  |TAMS 0x0000000081900000, 0x0000000081800000| Untracked 
|  25|0x0000000081900000, 0x0000000081a00000, 0x0000000081a00000|100%| O|  |TAMS 0x0000000081a00000, 0x0000000081900000| Untracked 
|  26|0x0000000081a00000, 0x0000000081b00000, 0x0000000081b00000|100%| O|  |TAMS 0x0000000081b00000, 0x0000000081a00000| Untracked 
|  27|0x0000000081b00000, 0x0000000081c00000, 0x0000000081c00000|100%| O|  |TAMS 0x0000000081c00000, 0x0000000081b00000| Untracked 
|  28|0x0000000081c00000, 0x0000000081d00000, 0x0000000081d00000|100%| O|  |TAMS 0x0000000081d00000, 0x0000000081c00000| Untracked 
|  29|0x0000000081d00000, 0x0000000081e00000, 0x0000000081e00000|100%| O|  |TAMS 0x0000000081e00000, 0x0000000081d00000| Untracked 
|  30|0x0000000081e00000, 0x0000000081f00000, 0x0000000081f00000|100%| O|  |TAMS 0x0000000081f00000, 0x0000000081e00000| Untracked 
|  31|0x0000000081f00000, 0x0000000082000000, 0x0000000082000000|100%| O|  |TAMS 0x0000000082000000, 0x0000000081f00000| Untracked 
|  32|0x0000000082000000, 0x0000000082100000, 0x0000000082100000|100%| O|  |TAMS 0x0000000082100000, 0x0000000082000000| Untracked 
|  33|0x0000000082100000, 0x0000000082200000, 0x0000000082200000|100%| O|  |TAMS 0x0000000082200000, 0x0000000082100000| Untracked 
|  34|0x0000000082200000, 0x0000000082300000, 0x0000000082300000|100%|HS|  |TAMS 0x0000000082300000, 0x0000000082200000| Complete 
|  35|0x0000000082300000, 0x0000000082400000, 0x0000000082400000|100%|HS|  |TAMS 0x0000000082400000, 0x0000000082300000| Complete 
|  36|0x0000000082400000, 0x0000000082500000, 0x0000000082500000|100%|HC|  |TAMS 0x0000000082500000, 0x0000000082400000| Complete 
|  37|0x0000000082500000, 0x0000000082600000, 0x0000000082600000|100%| O|  |TAMS 0x0000000082600000, 0x0000000082500000| Untracked 
|  38|0x0000000082600000, 0x0000000082700000, 0x0000000082700000|100%| O|  |TAMS 0x0000000082700000, 0x0000000082600000| Untracked 
|  39|0x0000000082700000, 0x0000000082800000, 0x0000000082800000|100%| O|  |TAMS 0x0000000082800000, 0x0000000082700000| Untracked 
|  40|0x0000000082800000, 0x0000000082900000, 0x0000000082900000|100%| O|  |TAMS 0x0000000082900000, 0x0000000082800000| Untracked 
|  41|0x0000000082900000, 0x0000000082a00000, 0x0000000082a00000|100%| O|  |TAMS 0x0000000082a00000, 0x0000000082900000| Untracked 
|  42|0x0000000082a00000, 0x0000000082b00000, 0x0000000082b00000|100%| O|  |TAMS 0x0000000082b00000, 0x0000000082a00000| Untracked 
|  43|0x0000000082b00000, 0x0000000082c00000, 0x0000000082c00000|100%| O|  |TAMS 0x0000000082c00000, 0x0000000082b00000| Untracked 
|  44|0x0000000082c00000, 0x0000000082d00000, 0x0000000082d00000|100%|HS|  |TAMS 0x0000000082d00000, 0x0000000082c00000| Complete 
|  45|0x0000000082d00000, 0x0000000082e00000, 0x0000000082e00000|100%| O|  |TAMS 0x0000000082e00000, 0x0000000082d00000| Untracked 
|  46|0x0000000082e00000, 0x0000000082f00000, 0x0000000082f00000|100%|HS|  |TAMS 0x0000000082f00000, 0x0000000082e00000| Complete 
|  47|0x0000000082f00000, 0x0000000083000000, 0x0000000083000000|100%|HC|  |TAMS 0x0000000083000000, 0x0000000082f00000| Complete 
|  48|0x0000000083000000, 0x0000000083100000, 0x0000000083100000|100%|HC|  |TAMS 0x0000000083100000, 0x0000000083000000| Complete 
|  49|0x0000000083100000, 0x0000000083200000, 0x0000000083200000|100%|HC|  |TAMS 0x0000000083200000, 0x0000000083100000| Complete 
|  50|0x0000000083200000, 0x0000000083300000, 0x0000000083300000|100%| O|  |TAMS 0x0000000083300000, 0x0000000083200000| Untracked 
|  51|0x0000000083300000, 0x0000000083400000, 0x0000000083400000|100%| O|  |TAMS 0x0000000083400000, 0x0000000083300000| Untracked 
|  52|0x0000000083400000, 0x0000000083500000, 0x0000000083500000|100%| O|  |TAMS 0x0000000083500000, 0x0000000083400000| Untracked 
|  53|0x0000000083500000, 0x0000000083600000, 0x0000000083600000|100%| O|  |TAMS 0x0000000083600000, 0x0000000083500000| Untracked 
|  54|0x0000000083600000, 0x0000000083700000, 0x0000000083700000|100%| O|  |TAMS 0x0000000083700000, 0x0000000083600000| Untracked 
|  55|0x0000000083700000, 0x0000000083800000, 0x0000000083800000|100%| O|  |TAMS 0x0000000083763800, 0x0000000083700000| Untracked 
|  56|0x0000000083800000, 0x0000000083800000, 0x0000000083900000|  0%| F|  |TAMS 0x0000000083800000, 0x0000000083800000| Untracked 
|  57|0x0000000083900000, 0x0000000083900000, 0x0000000083a00000|  0%| F|  |TAMS 0x0000000083900000, 0x0000000083900000| Untracked 
|  58|0x0000000083a00000, 0x0000000083a00000, 0x0000000083b00000|  0%| F|  |TAMS 0x0000000083a00000, 0x0000000083a00000| Untracked 
|  59|0x0000000083b00000, 0x0000000083b00000, 0x0000000083c00000|  0%| F|  |TAMS 0x0000000083b00000, 0x0000000083b00000| Untracked 
|  60|0x0000000083c00000, 0x0000000083c00000, 0x0000000083d00000|  0%| F|  |TAMS 0x0000000083c00000, 0x0000000083c00000| Untracked 
|  61|0x0000000083d00000, 0x0000000083d00000, 0x0000000083e00000|  0%| F|  |TAMS 0x0000000083d00000, 0x0000000083d00000| Untracked 
|  62|0x0000000083e00000, 0x0000000083e00000, 0x0000000083f00000|  0%| F|  |TAMS 0x0000000083e00000, 0x0000000083e00000| Untracked 
|  63|0x0000000083f00000, 0x0000000083f00000, 0x0000000084000000|  0%| F|  |TAMS 0x0000000083f00000, 0x0000000083f00000| Untracked 
|  64|0x0000000084000000, 0x0000000084000000, 0x0000000084100000|  0%| F|  |TAMS 0x0000000084000000, 0x0000000084000000| Untracked 
|  65|0x0000000084100000, 0x0000000084100000, 0x0000000084200000|  0%| F|  |TAMS 0x0000000084100000, 0x0000000084100000| Untracked 
|  66|0x0000000084200000, 0x0000000084200000, 0x0000000084300000|  0%| F|  |TAMS 0x0000000084200000, 0x0000000084200000| Untracked 
|  67|0x0000000084300000, 0x0000000084300000, 0x0000000084400000|  0%| F|  |TAMS 0x0000000084300000, 0x0000000084300000| Untracked 
|  68|0x0000000084400000, 0x0000000084400000, 0x0000000084500000|  0%| F|  |TAMS 0x0000000084400000, 0x0000000084400000| Untracked 
|  69|0x0000000084500000, 0x0000000084500000, 0x0000000084600000|  0%| F|  |TAMS 0x0000000084500000, 0x0000000084500000| Untracked 
|  70|0x0000000084600000, 0x0000000084600000, 0x0000000084700000|  0%| F|  |TAMS 0x0000000084600000, 0x0000000084600000| Untracked 
|  71|0x0000000084700000, 0x0000000084700000, 0x0000000084800000|  0%| F|  |TAMS 0x0000000084700000, 0x0000000084700000| Untracked 
|  72|0x0000000084800000, 0x0000000084800000, 0x0000000084900000|  0%| F|  |TAMS 0x0000000084800000, 0x0000000084800000| Untracked 
|  73|0x0000000084900000, 0x0000000084900000, 0x0000000084a00000|  0%| F|  |TAMS 0x0000000084900000, 0x0000000084900000| Untracked 
|  74|0x0000000084a00000, 0x0000000084a00000, 0x0000000084b00000|  0%| F|  |TAMS 0x0000000084a00000, 0x0000000084a00000| Untracked 
|  75|0x0000000084b00000, 0x0000000084b00000, 0x0000000084c00000|  0%| F|  |TAMS 0x0000000084b00000, 0x0000000084b00000| Untracked 
|  76|0x0000000084c00000, 0x0000000084c00000, 0x0000000084d00000|  0%| F|  |TAMS 0x0000000084c00000, 0x0000000084c00000| Untracked 
|  77|0x0000000084d00000, 0x0000000084d00000, 0x0000000084e00000|  0%| F|  |TAMS 0x0000000084d00000, 0x0000000084d00000| Untracked 
|  78|0x0000000084e00000, 0x0000000084e00000, 0x0000000084f00000|  0%| F|  |TAMS 0x0000000084e00000, 0x0000000084e00000| Untracked 
|  79|0x0000000084f00000, 0x0000000084f00000, 0x0000000085000000|  0%| F|  |TAMS 0x0000000084f00000, 0x0000000084f00000| Untracked 
|  80|0x0000000085000000, 0x0000000085000000, 0x0000000085100000|  0%| F|  |TAMS 0x0000000085000000, 0x0000000085000000| Untracked 
|  81|0x0000000085100000, 0x0000000085100000, 0x0000000085200000|  0%| F|  |TAMS 0x0000000085100000, 0x0000000085100000| Untracked 
|  82|0x0000000085200000, 0x0000000085200000, 0x0000000085300000|  0%| F|  |TAMS 0x0000000085200000, 0x0000000085200000| Untracked 
|  83|0x0000000085300000, 0x0000000085300000, 0x0000000085400000|  0%| F|  |TAMS 0x0000000085300000, 0x0000000085300000| Untracked 
|  84|0x0000000085400000, 0x0000000085400000, 0x0000000085500000|  0%| F|  |TAMS 0x0000000085400000, 0x0000000085400000| Untracked 
|  85|0x0000000085500000, 0x0000000085500000, 0x0000000085600000|  0%| F|  |TAMS 0x0000000085500000, 0x0000000085500000| Untracked 
|  86|0x0000000085600000, 0x0000000085600000, 0x0000000085700000|  0%| F|  |TAMS 0x0000000085600000, 0x0000000085600000| Untracked 
|  87|0x0000000085700000, 0x0000000085700000, 0x0000000085800000|  0%| F|  |TAMS 0x0000000085700000, 0x0000000085700000| Untracked 
|  88|0x0000000085800000, 0x0000000085800000, 0x0000000085900000|  0%| F|  |TAMS 0x0000000085800000, 0x0000000085800000| Untracked 
|  89|0x0000000085900000, 0x0000000085900000, 0x0000000085a00000|  0%| F|  |TAMS 0x0000000085900000, 0x0000000085900000| Untracked 
|  90|0x0000000085a00000, 0x0000000085a00000, 0x0000000085b00000|  0%| F|  |TAMS 0x0000000085a00000, 0x0000000085a00000| Untracked 
|  91|0x0000000085b00000, 0x0000000085b00000, 0x0000000085c00000|  0%| F|  |TAMS 0x0000000085b00000, 0x0000000085b00000| Untracked 
|  92|0x0000000085c00000, 0x0000000085c00000, 0x0000000085d00000|  0%| F|  |TAMS 0x0000000085c00000, 0x0000000085c00000| Untracked 
|  93|0x0000000085d00000, 0x0000000085d00000, 0x0000000085e00000|  0%| F|  |TAMS 0x0000000085d00000, 0x0000000085d00000| Untracked 
|  94|0x0000000085e00000, 0x0000000085e00000, 0x0000000085f00000|  0%| F|  |TAMS 0x0000000085e00000, 0x0000000085e00000| Untracked 
|  95|0x0000000085f00000, 0x0000000085f00000, 0x0000000086000000|  0%| F|  |TAMS 0x0000000085f00000, 0x0000000085f00000| Untracked 
|  96|0x0000000086000000, 0x000000008601f740, 0x0000000086100000| 12%| S|CS|TAMS 0x0000000086000000, 0x0000000086000000| Complete 
|  97|0x0000000086100000, 0x0000000086100000, 0x0000000086200000|  0%| F|  |TAMS 0x0000000086100000, 0x0000000086100000| Untracked 
|  98|0x0000000086200000, 0x0000000086200000, 0x0000000086300000|  0%| F|  |TAMS 0x0000000086200000, 0x0000000086200000| Untracked 
| 127|0x0000000087f00000, 0x0000000087f00000, 0x0000000088000000|  0%| F|  |TAMS 0x0000000087f00000, 0x0000000087f00000| Untracked 

Card table byte_map: [0x000001b176d30000,0x000001b177130000] _byte_map_base: 0x000001b176930000

Marking Bits (Prev, Next): (CMBitMap*) 0x000001b1734b7b00, (CMBitMap*) 0x000001b1734b7ac0
 Prev Bits: [0x000001b179530000, 0x000001b17b530000)
 Next Bits: [0x000001b177530000, 0x000001b179530000)

Polling page: 0x000001b172c30000

Metaspace:

Usage:
  Non-class:     54.04 MB used.
      Class:      8.15 MB used.
       Both:     62.20 MB used.

Virtual space:
  Non-class space:       56.00 MB reserved,      54.31 MB ( 97%) committed,  7 nodes.
      Class space:        1.00 GB reserved,       8.38 MB ( <1%) committed,  1 nodes.
             Both:        1.05 GB reserved,      62.69 MB (  6%) committed. 

Chunk freelists:
   Non-Class:  880.00 KB
       Class:  3.55 MB
        Both:  4.41 MB

MaxMetaspaceSize: unlimited
CompressedClassSpaceSize: 1.00 GB
Initial GC threshold: 21.00 MB
Current GC threshold: 101.69 MB
CDS: off
MetaspaceReclaimPolicy: balanced
 - commit_granule_bytes: 65536.
 - commit_granule_words: 8192.
 - virtual_space_node_default_size: 1048576.
 - enlarge_chunks_in_place: 1.
 - new_chunks_are_fully_committed: 0.
 - uncommit_free_chunks: 1.
 - use_allocation_guard: 0.
 - handle_deallocations: 1.


Internal statistics:

num_allocs_failed_limit: 6.
num_arena_births: 532.
num_arena_deaths: 0.
num_vsnodes_births: 8.
num_vsnodes_deaths: 0.
num_space_committed: 1003.
num_space_uncommitted: 0.
num_chunks_returned_to_freelist: 6.
num_chunks_taken_from_freelist: 2470.
num_chunk_merges: 6.
num_chunk_splits: 1658.
num_chunks_enlarged: 1124.
num_purges: 0.
num_inconsistent_stats: 0.

CodeHeap 'non-profiled nmethods': size=120000Kb used=2735Kb max_used=3189Kb free=117264Kb
 bounds [0x000001b107ad0000, 0x000001b107df0000, 0x000001b10f000000]
CodeHeap 'profiled nmethods': size=120000Kb used=11051Kb max_used=11051Kb free=108948Kb
 bounds [0x000001b100000000, 0x000001b100ad0000, 0x000001b107530000]
CodeHeap 'non-nmethods': size=5760Kb used=2366Kb max_used=2400Kb free=3393Kb
 bounds [0x000001b107530000, 0x000001b1077a0000, 0x000001b107ad0000]
 total_blobs=6664 nmethods=5774 adapters=802
 compilation: enabled
              stopped_count=0, restarted_count=0
 full_count=0

Compilation events (20 events):
Event: 45.653 Thread 0x000001b17fc2c010 nmethod 6591 0x000001b107b65310 code [0x000001b107b654c0, 0x000001b107b65c78]
Event: 45.653 Thread 0x000001b17fc2c010 6592       4       jdk.internal.org.objectweb.asm.Frame::execute (2305 bytes)
Event: 45.661 Thread 0x000001b17da5e850 6594       3       org.gradle.model.internal.asm.MethodVisitorScope::_IFNULL (9 bytes)
Event: 45.661 Thread 0x000001b17da5e850 nmethod 6594 0x000001b100ac3510 code [0x000001b100ac36c0, 0x000001b100ac3928]
Event: 45.663 Thread 0x000001b17da5e850 6596       3       java.lang.Class::isEnum (27 bytes)
Event: 45.664 Thread 0x000001b17da5e850 nmethod 6596 0x000001b100ac3a10 code [0x000001b100ac3bc0, 0x000001b100ac3dc8]
Event: 45.672 Thread 0x000001b17da5e850 6597       3       org.gradle.internal.instantiation.generator.AsmBackedClassGenerator$ClassBuilderImpl::access$5100 (4 bytes)
Event: 45.672 Thread 0x000001b17da5e850 nmethod 6597 0x000001b100583710 code [0x000001b1005838a0, 0x000001b100583998]
Event: 45.813 Thread 0x000001b17da5e850 6599       3       com.google.common.collect.ImmutableMap::copyOf (58 bytes)
Event: 45.814 Thread 0x000001b17da5e850 nmethod 6599 0x000001b100ac3e90 code [0x000001b100ac40a0, 0x000001b100ac4978]
Event: 45.814 Thread 0x000001b17da5e850 6600       3       jdk.internal.reflect.ConstantPool::getIntAt (10 bytes)
Event: 45.814 Thread 0x000001b17da5e850 nmethod 6600 0x000001b100ac4b10 code [0x000001b100ac4ca0, 0x000001b100ac4de8]
Event: 45.815 Thread 0x000001b17da5e850 6602       3       org.objectweb.asm.AnnotationWriter::visit (935 bytes)
Event: 45.819 Thread 0x000001b17da5e850 nmethod 6602 0x000001b100ac4e90 code [0x000001b100ac55c0, 0x000001b100ac9498]
Event: 45.820 Thread 0x000001b17da5e850 6603       3       com.google.common.collect.SingletonImmutableList::get (11 bytes)
Event: 45.820 Thread 0x000001b17da5e850 nmethod 6603 0x000001b100acaa90 code [0x000001b100acac40, 0x000001b100acade8]
Event: 45.820 Thread 0x000001b17da5e850 6604       3       com.google.common.base.Preconditions::checkElementIndex (8 bytes)
Event: 45.820 Thread 0x000001b17da5e850 nmethod 6604 0x000001b100acaf10 code [0x000001b100acb0a0, 0x000001b100acb1c8]
Event: 45.820 Thread 0x000001b17da5e850 6605       3       com.google.common.base.Preconditions::checkElementIndex (25 bytes)
Event: 45.820 Thread 0x000001b17da5e850 nmethod 6605 0x000001b100acb290 code [0x000001b100acb440, 0x000001b100acb698]

GC Heap History (20 events):
Event: 11.445 GC heap after
{Heap after GC invocations=13 (full 0):
 garbage-first heap   total 82944K, used 33315K [0x0000000080000000, 0x0000000100000000)
  region size 1024K, 3 young (3072K), 3 survivors (3072K)
 Metaspace       used 47424K, committed 47808K, reserved 1097728K
  class space    used 6232K, committed 6400K, reserved 1048576K
}
Event: 12.180 GC heap before
{Heap before GC invocations=13 (full 0):
 garbage-first heap   total 82944K, used 60963K [0x0000000080000000, 0x0000000100000000)
  region size 1024K, 30 young (30720K), 3 survivors (3072K)
 Metaspace       used 50824K, committed 51264K, reserved 1097728K
  class space    used 6739K, committed 6912K, reserved 1048576K
}
Event: 12.186 GC heap after
{Heap after GC invocations=14 (full 0):
 garbage-first heap   total 82944K, used 34448K [0x0000000080000000, 0x0000000100000000)
  region size 1024K, 4 young (4096K), 4 survivors (4096K)
 Metaspace       used 50824K, committed 51264K, reserved 1097728K
  class space    used 6739K, committed 6912K, reserved 1048576K
}
Event: 40.323 GC heap before
{Heap before GC invocations=14 (full 0):
 garbage-first heap   total 82944K, used 61072K [0x0000000080000000, 0x0000000100000000)
  region size 1024K, 31 young (31744K), 4 survivors (4096K)
 Metaspace       used 55899K, committed 56320K, reserved 1097728K
  class space    used 7341K, committed 7552K, reserved 1048576K
}
Event: 40.336 GC heap after
{Heap after GC invocations=15 (full 0):
 garbage-first heap   total 82944K, used 37855K [0x0000000080000000, 0x0000000100000000)
  region size 1024K, 4 young (4096K), 4 survivors (4096K)
 Metaspace       used 55899K, committed 56320K, reserved 1097728K
  class space    used 7341K, committed 7552K, reserved 1048576K
}
Event: 43.665 GC heap before
{Heap before GC invocations=15 (full 0):
 garbage-first heap   total 82944K, used 65503K [0x0000000080000000, 0x0000000100000000)
  region size 1024K, 29 young (29696K), 4 survivors (4096K)
 Metaspace       used 58928K, committed 59392K, reserved 1105920K
  class space    used 7728K, committed 7936K, reserved 1048576K
}
Event: 43.675 GC heap after
{Heap after GC invocations=16 (full 0):
 garbage-first heap   total 82944K, used 44039K [0x0000000080000000, 0x0000000100000000)
  region size 1024K, 4 young (4096K), 4 survivors (4096K)
 Metaspace       used 58928K, committed 59392K, reserved 1105920K
  class space    used 7728K, committed 7936K, reserved 1048576K
}
Event: 43.751 GC heap before
{Heap before GC invocations=16 (full 0):
 garbage-first heap   total 82944K, used 45063K [0x0000000080000000, 0x0000000100000000)
  region size 1024K, 6 young (6144K), 4 survivors (4096K)
 Metaspace       used 59038K, committed 59520K, reserved 1105920K
  class space    used 7740K, committed 7936K, reserved 1048576K
}
Event: 43.757 GC heap after
{Heap after GC invocations=17 (full 0):
 garbage-first heap   total 82944K, used 45507K [0x0000000080000000, 0x0000000100000000)
  region size 1024K, 2 young (2048K), 2 survivors (2048K)
 Metaspace       used 59038K, committed 59520K, reserved 1105920K
  class space    used 7740K, committed 7936K, reserved 1048576K
}
Event: 44.006 GC heap before
{Heap before GC invocations=18 (full 0):
 garbage-first heap   total 82944K, used 47555K [0x0000000080000000, 0x0000000100000000)
  region size 1024K, 5 young (5120K), 2 survivors (2048K)
 Metaspace       used 59040K, committed 59520K, reserved 1105920K
  class space    used 7742K, committed 7936K, reserved 1048576K
}
Event: 44.009 GC heap after
{Heap after GC invocations=19 (full 0):
 garbage-first heap   total 82944K, used 47962K [0x0000000080000000, 0x0000000100000000)
  region size 1024K, 2 young (2048K), 2 survivors (2048K)
 Metaspace       used 59040K, committed 59520K, reserved 1105920K
  class space    used 7742K, committed 7936K, reserved 1048576K
}
Event: 44.633 GC heap before
{Heap before GC invocations=20 (full 0):
 garbage-first heap   total 91136K, used 62298K [0x0000000080000000, 0x0000000100000000)
  region size 1024K, 12 young (12288K), 2 survivors (2048K)
 Metaspace       used 59870K, committed 60352K, reserved 1105920K
  class space    used 7847K, committed 8064K, reserved 1048576K
}
Event: 44.637 GC heap after
{Heap after GC invocations=21 (full 0):
 garbage-first heap   total 91136K, used 55611K [0x0000000080000000, 0x0000000100000000)
  region size 1024K, 2 young (2048K), 2 survivors (2048K)
 Metaspace       used 59870K, committed 60352K, reserved 1105920K
  class space    used 7847K, committed 8064K, reserved 1048576K
}
Event: 44.702 GC heap before
{Heap before GC invocations=21 (full 0):
 garbage-first heap   total 91136K, used 57659K [0x0000000080000000, 0x0000000100000000)
  region size 1024K, 4 young (4096K), 2 survivors (2048K)
 Metaspace       used 60101K, committed 60544K, reserved 1105920K
  class space    used 7880K, committed 8064K, reserved 1048576K
}
Event: 44.707 GC heap after
{Heap after GC invocations=22 (full 0):
 garbage-first heap   total 91136K, used 55856K [0x0000000080000000, 0x0000000100000000)
  region size 1024K, 1 young (1024K), 1 survivors (1024K)
 Metaspace       used 60101K, committed 60544K, reserved 1105920K
  class space    used 7880K, committed 8064K, reserved 1048576K
}
Event: 45.197 GC heap before
{Heap before GC invocations=22 (full 0):
 garbage-first heap   total 91136K, used 66096K [0x0000000080000000, 0x0000000100000000)
  region size 1024K, 11 young (11264K), 1 survivors (1024K)
 Metaspace       used 61440K, committed 61952K, reserved 1105920K
  class space    used 8078K, committed 8320K, reserved 1048576K
}
Event: 45.200 GC heap after
{Heap after GC invocations=23 (full 0):
 garbage-first heap   total 91136K, used 56221K [0x0000000080000000, 0x0000000100000000)
  region size 1024K, 1 young (1024K), 1 survivors (1024K)
 Metaspace       used 61440K, committed 61952K, reserved 1105920K
  class space    used 8078K, committed 8320K, reserved 1048576K
}
Event: 45.789 GC heap before
{Heap before GC invocations=24 (full 0):
 garbage-first heap   total 102400K, used 67485K [0x0000000080000000, 0x0000000100000000)
  region size 1024K, 12 young (12288K), 1 survivors (1024K)
 Metaspace       used 62950K, committed 63424K, reserved 1105920K
  class space    used 8293K, committed 8512K, reserved 1048576K
}
Event: 45.793 GC heap after
{Heap after GC invocations=25 (full 0):
 garbage-first heap   total 102400K, used 56783K [0x0000000080000000, 0x0000000100000000)
  region size 1024K, 2 young (2048K), 2 survivors (2048K)
 Metaspace       used 62950K, committed 63424K, reserved 1105920K
  class space    used 8293K, committed 8512K, reserved 1048576K
}
Event: 45.973 GC heap before
{Heap before GC invocations=25 (full 0):
 garbage-first heap   total 102400K, used 58831K [0x0000000080000000, 0x0000000100000000)
  region size 1024K, 5 young (5120K), 2 survivors (2048K)
 Metaspace       used 63687K, committed 64192K, reserved 1105920K
  class space    used 8348K, committed 8576K, reserved 1048576K
}

Dll operation events (2 events):
Event: 0.042 Loaded shared library C:\Program Files\Android\Android Studio1\jbr\bin\java.dll
Event: 0.823 Loaded shared library C:\Program Files\Android\Android Studio1\jbr\bin\verify.dll

Deoptimization events (20 events):
Event: 45.361 Thread 0x000001b10fad4430 Uncommon trap: trap_request=0xffffffc6 fr.pc=0x000001b107dbc674 relative=0x00000000000008f4
Event: 45.361 Thread 0x000001b10fad4430 Uncommon trap: reason=bimorphic_or_optimized_type_check action=maybe_recompile pc=0x000001b107dbc674 method=java.io.BufferedInputStream.read1([BII)I @ 39 c2
Event: 45.361 Thread 0x000001b10fad4430 DEOPT PACKING pc=0x000001b107dbc674 sp=0x00000081440f6f50
Event: 45.361 Thread 0x000001b10fad4430 DEOPT UNPACKING pc=0x000001b1075869a3 sp=0x00000081440f6e68 mode 2
Event: 45.361 Thread 0x000001b10fad4430 Uncommon trap: trap_request=0xffffffc6 fr.pc=0x000001b107dbc674 relative=0x00000000000008f4
Event: 45.361 Thread 0x000001b10fad4430 Uncommon trap: reason=bimorphic_or_optimized_type_check action=maybe_recompile pc=0x000001b107dbc674 method=java.io.BufferedInputStream.read1([BII)I @ 39 c2
Event: 45.361 Thread 0x000001b10fad4430 DEOPT PACKING pc=0x000001b107dbc674 sp=0x00000081440f6f50
Event: 45.361 Thread 0x000001b10fad4430 DEOPT UNPACKING pc=0x000001b1075869a3 sp=0x00000081440f6e68 mode 2
Event: 45.412 Thread 0x000001b10fad4430 Uncommon trap: trap_request=0xffffffc6 fr.pc=0x000001b107dbc674 relative=0x00000000000008f4
Event: 45.412 Thread 0x000001b10fad4430 Uncommon trap: reason=bimorphic_or_optimized_type_check action=maybe_recompile pc=0x000001b107dbc674 method=java.io.BufferedInputStream.read1([BII)I @ 39 c2
Event: 45.412 Thread 0x000001b10fad4430 DEOPT PACKING pc=0x000001b107dbc674 sp=0x00000081440f79e0
Event: 45.412 Thread 0x000001b10fad4430 DEOPT UNPACKING pc=0x000001b1075869a3 sp=0x00000081440f78f8 mode 2
Event: 45.412 Thread 0x000001b10fad4430 Uncommon trap: trap_request=0xffffffde fr.pc=0x000001b107c4a37c relative=0x00000000000001bc
Event: 45.412 Thread 0x000001b10fad4430 Uncommon trap: reason=class_check action=maybe_recompile pc=0x000001b107c4a37c method=java.io.BufferedInputStream.read1([BII)I @ 39 c2
Event: 45.412 Thread 0x000001b10fad4430 DEOPT PACKING pc=0x000001b107c4a37c sp=0x00000081440f7930
Event: 45.412 Thread 0x000001b10fad4430 DEOPT UNPACKING pc=0x000001b1075869a3 sp=0x00000081440f78e8 mode 2
Event: 45.562 Thread 0x000001b10fad4430 Uncommon trap: trap_request=0xffffff45 fr.pc=0x000001b107d4f860 relative=0x00000000000002a0
Event: 45.562 Thread 0x000001b10fad4430 Uncommon trap: reason=unstable_if action=reinterpret pc=0x000001b107d4f860 method=org.gradle.internal.instantiation.generator.AbstractClassGenerator$InjectionAnnotationValidator.validateMethod(Ljava/lang/reflect/Method;Lorg/gradle/internal/reflect/Propert
Event: 45.562 Thread 0x000001b10fad4430 DEOPT PACKING pc=0x000001b107d4f860 sp=0x00000081440f7320
Event: 45.562 Thread 0x000001b10fad4430 DEOPT UNPACKING pc=0x000001b1075869a3 sp=0x00000081440f72e8 mode 2

Classes unloaded (0 events):
No events

Classes redefined (0 events):
No events

Internal exceptions (20 events):
Event: 40.264 Thread 0x000001b10fad4430 Exception <a 'java/net/SocketException'{0x00000000837e57d8}: Software caused connection abort: no further information> (0x00000000837e57d8) 
thrown [s\src\hotspot\share\prims\jni.cpp, line 536]
Event: 40.265 Thread 0x000001b10fad4430 Exception <a 'java/net/SocketException'{0x00000000837e6da8}: Socket is not connected: shutdown> (0x00000000837e6da8) 
thrown [s\src\hotspot\share\prims\jni.cpp, line 536]
Event: 43.356 Thread 0x000001b10fad4430 Exception <a 'java/lang/NoSuchMethodError'{0x0000000083acfaa8}: 'long java.lang.invoke.DirectMethodHandle$Holder.invokeVirtual(java.lang.Object, java.lang.Object)'> (0x0000000083acfaa8) 
thrown [s\src\hotspot\share\interpreter\linkResolver.cpp, line 771]
Event: 43.390 Thread 0x000001b10fc65a10 Exception <a 'java/lang/NoSuchMethodError'{0x0000000083afe2f0}: static Lorg/gradle/internal/build/event/types/DefaultOperationFinishedProgressEvent;.<clinit>()V> (0x0000000083afe2f0) 
thrown [s\src\hotspot\share\prims\jni.cpp, line 1108]
Event: 43.397 Thread 0x000001b10fc65a10 Exception <a 'java/lang/NoSuchMethodError'{0x000000008399e8b8}: static Lorg/gradle/internal/build/event/types/DefaultProjectConfigurationSuccessResult;.<clinit>()V> (0x000000008399e8b8) 
thrown [s\src\hotspot\share\prims\jni.cpp, line 1108]
Event: 43.397 Thread 0x000001b10fc65a10 Exception <a 'java/lang/NoSuchMethodError'{0x000000008399fe50}: static Lorg/gradle/internal/build/event/types/AbstractProjectConfigurationResult;.<clinit>()V> (0x000000008399fe50) 
thrown [s\src\hotspot\share\prims\jni.cpp, line 1108]
Event: 43.397 Thread 0x000001b10fc65a10 Exception <a 'java/lang/NoSuchMethodError'{0x00000000839a1370}: static Lorg/gradle/internal/build/event/types/AbstractOperationResult;.<clinit>()V> (0x00000000839a1370) 
thrown [s\src\hotspot\share\prims\jni.cpp, line 1108]
Event: 43.397 Thread 0x000001b10fc65a10 Exception <a 'java/lang/NoSuchMethodError'{0x00000000839a2578}: static Lorg/gradle/internal/build/event/types/AbstractResult;.<clinit>()V> (0x00000000839a2578) 
thrown [s\src\hotspot\share\prims\jni.cpp, line 1108]
Event: 43.400 Thread 0x000001b10fc65a10 Exception <a 'java/lang/NoSuchMethodError'{0x00000000839b8900}: static Lorg/gradle/internal/build/event/types/DefaultPluginApplicationResult;.<clinit>()V> (0x00000000839b8900) 
thrown [s\src\hotspot\share\prims\jni.cpp, line 1108]
Event: 43.401 Thread 0x000001b10fc65a10 Exception <a 'java/lang/NoSuchMethodError'{0x00000000839c40f0}: static Lorg/gradle/internal/build/event/types/DefaultBinaryPluginIdentifier;.<clinit>()V> (0x00000000839c40f0) 
thrown [s\src\hotspot\share\prims\jni.cpp, line 1108]
Event: 43.405 Thread 0x000001b10fc65a10 Exception <a 'java/lang/NoSuchMethodError'{0x00000000839da1e8}: static Lorg/gradle/internal/build/event/types/DefaultScriptPluginIdentifier;.<clinit>()V> (0x00000000839da1e8) 
thrown [s\src\hotspot\share\prims\jni.cpp, line 1108]
Event: 43.566 Thread 0x000001b10fad4430 Exception <a 'java/lang/ClassNotFoundException'{0x0000000083803d40}: build_6lh0qp64v5b3k7cgoocxpb4dmBeanInfo> (0x0000000083803d40) 
thrown [s\src\hotspot\share\classfile\systemDictionary.cpp, line 256]
Event: 43.567 Thread 0x000001b10fad4430 Exception <a 'java/lang/ClassNotFoundException'{0x000000008380a578}: build_6lh0qp64v5b3k7cgoocxpb4dmCustomizer> (0x000000008380a578) 
thrown [s\src\hotspot\share\classfile\systemDictionary.cpp, line 256]
Event: 43.878 Thread 0x000001b17da0f380 Implicit null exception at 0x000001b107d6f703 to 0x000001b107d6f8bc
Event: 44.418 Thread 0x000001b10fad4430 Exception <a 'java/lang/ClassNotFoundException'{0x00000000854953b0}: org/gradle/api/internal/plugins/DefaultObjectConfigurationActionBeanInfo> (0x00000000854953b0) 
thrown [s\src\hotspot\share\classfile\systemDictionary.cpp, line 256]
Event: 44.421 Thread 0x000001b10fad4430 Exception <a 'java/lang/ClassNotFoundException'{0x00000000854a7678}: org/gradle/api/internal/plugins/DefaultObjectConfigurationActionCustomizer> (0x00000000854a7678) 
thrown [s\src\hotspot\share\classfile\systemDictionary.cpp, line 256]
Event: 44.918 Thread 0x000001b10fad4430 Exception <a 'java/lang/NoSuchMethodError'{0x000000008547d1f8}: 'java.lang.Object java.lang.invoke.DirectMethodHandle$Holder.newInvokeSpecial(java.lang.Object, java.lang.Object, java.lang.Object, java.lang.Object, int)'> (0x000000008547d1f8) 
thrown [s\src\hotspot\share\interpreter\linkResolver.cpp, line 771]
Event: 44.919 Thread 0x000001b10fad4430 Exception <a 'java/lang/NoSuchMethodError'{0x0000000085482398}: 'java.lang.Object java.lang.invoke.DirectMethodHandle$Holder.invokeSpecial(java.lang.Object, java.lang.Object, java.lang.Object, java.lang.Object, java.lang.Object, int)'> (0x0000000085482398) 
thrown [s\src\hotspot\share\interpreter\linkResolver.cpp, line 771]
Event: 44.921 Thread 0x000001b10fad4430 Exception <a 'java/lang/NoSuchMethodError'{0x0000000085486e70}: 'java.lang.Object java.lang.invoke.Invokers$Holder.linkToTargetMethod(java.lang.Object, java.lang.Object, java.lang.Object, int, java.lang.Object)'> (0x0000000085486e70) 
thrown [s\src\hotspot\share\interpreter\linkResolver.cpp, line 771]
Event: 45.520 Thread 0x000001b10fad4430 Exception <a 'java/lang/NoSuchMethodError'{0x0000000085f34f08}: 'int java.lang.invoke.DirectMethodHandle$Holder.invokeInterface(java.lang.Object, java.lang.Object, java.lang.Object, java.lang.Object)'> (0x0000000085f34f08) 
thrown [s\src\hotspot\share\interpreter\linkResolver.cpp, line 771]

VM Operations (20 events):
Event: 44.129 Executing VM operation: G1Concurrent done
Event: 44.184 Executing VM operation: G1Concurrent
Event: 44.184 Executing VM operation: G1Concurrent done
Event: 44.633 Executing VM operation: G1CollectForAllocation
Event: 44.638 Executing VM operation: G1CollectForAllocation done
Event: 44.702 Executing VM operation: G1CollectForAllocation
Event: 44.707 Executing VM operation: G1CollectForAllocation done
Event: 45.197 Executing VM operation: G1CollectForAllocation
Event: 45.200 Executing VM operation: G1CollectForAllocation done
Event: 45.322 Executing VM operation: G1Concurrent
Event: 45.330 Executing VM operation: G1Concurrent done
Event: 45.382 Executing VM operation: G1Concurrent
Event: 45.382 Executing VM operation: G1Concurrent done
Event: 45.500 Executing VM operation: HandshakeAllThreads
Event: 45.500 Executing VM operation: HandshakeAllThreads done
Event: 45.517 Executing VM operation: HandshakeAllThreads
Event: 45.517 Executing VM operation: HandshakeAllThreads done
Event: 45.789 Executing VM operation: G1CollectForAllocation
Event: 45.793 Executing VM operation: G1CollectForAllocation done
Event: 45.973 Executing VM operation: G1CollectForAllocation

Events (20 events):
Event: 43.877 loading class sun/security/ssl/Alert$Level
Event: 43.877 loading class sun/security/ssl/Alert$Level done
Event: 44.983 loading class sun/reflect/ReflectionFactory
Event: 44.988 loading class sun/reflect/ReflectionFactory done
Event: 44.988 loading class sun/reflect/ReflectionFactory$1
Event: 44.988 loading class sun/reflect/ReflectionFactory$1 done
Event: 45.257 loading class java/util/concurrent/atomic/AtomicIntegerArray
Event: 45.257 loading class java/util/concurrent/atomic/AtomicIntegerArray done
Event: 45.260 loading class java/util/Currency
Event: 45.261 loading class java/util/Currency done
Event: 45.302 loading class java/util/concurrent/atomic/AtomicLongArray
Event: 45.303 loading class java/util/concurrent/atomic/AtomicLongArray done
Event: 45.410 loading class java/util/concurrent/atomic/AtomicReferenceFieldUpdater
Event: 45.411 loading class java/util/concurrent/atomic/AtomicReferenceFieldUpdater done
Event: 45.411 loading class java/util/concurrent/atomic/AtomicReferenceFieldUpdater$AtomicReferenceFieldUpdaterImpl
Event: 45.411 loading class java/util/concurrent/atomic/AtomicReferenceFieldUpdater$AtomicReferenceFieldUpdaterImpl done
Event: 45.411 loading class java/util/concurrent/atomic/AtomicReferenceFieldUpdater$AtomicReferenceFieldUpdaterImpl$1
Event: 45.411 loading class java/util/concurrent/atomic/AtomicReferenceFieldUpdater$AtomicReferenceFieldUpdaterImpl$1 done
Event: 45.465 Thread 0x000001b17fc2c010 Thread added: 0x000001b17fc2c010
Event: 45.741 Thread 0x000001b17ff5a300 Thread added: 0x000001b17ff5a300


Dynamic libraries:
0x00007ff6b5db0000 - 0x00007ff6b5dba000 	C:\Program Files\Android\Android Studio1\jbr\bin\java.exe
0x00007fffbe470000 - 0x00007fffbe668000 	C:\Windows\SYSTEM32\ntdll.dll
0x00007fffbd220000 - 0x00007fffbd2df000 	C:\Windows\System32\KERNEL32.DLL
0x00007fffbbe60000 - 0x00007fffbc156000 	C:\Windows\System32\KERNELBASE.dll
0x00007fffbbd60000 - 0x00007fffbbe60000 	C:\Windows\System32\ucrtbase.dll
0x00007fffa1750000 - 0x00007fffa176b000 	C:\Program Files\Android\Android Studio1\jbr\bin\VCRUNTIME140.dll
0x00007fffa1770000 - 0x00007fffa1787000 	C:\Program Files\Android\Android Studio1\jbr\bin\jli.dll
0x00007fffbdaa0000 - 0x00007fffbdc3d000 	C:\Windows\System32\USER32.dll
0x00007fffbbb50000 - 0x00007fffbbb72000 	C:\Windows\System32\win32u.dll
0x00007fffbaed0000 - 0x00007fffbb16a000 	C:\Windows\WinSxS\amd64_microsoft.windows.common-controls_6595b64144ccf1df_6.0.19041.1110_none_60b5254171f9507e\COMCTL32.dll
0x00007fffbdfb0000 - 0x00007fffbdfdc000 	C:\Windows\System32\GDI32.dll
0x00007fffbc590000 - 0x00007fffbc62e000 	C:\Windows\System32\msvcrt.dll
0x00007fffbc3b0000 - 0x00007fffbc4c5000 	C:\Windows\System32\gdi32full.dll
0x00007fffbc310000 - 0x00007fffbc3ad000 	C:\Windows\System32\msvcp_win.dll
0x00007fffbdf10000 - 0x00007fffbdf40000 	C:\Windows\System32\IMM32.DLL
0x00007fffb2900000 - 0x00007fffb290c000 	C:\Program Files\Android\Android Studio1\jbr\bin\vcruntime140_1.dll
0x00007fff92540000 - 0x00007fff925cd000 	C:\Program Files\Android\Android Studio1\jbr\bin\msvcp140.dll
0x00007fff82330000 - 0x00007fff82f9d000 	C:\Program Files\Android\Android Studio1\jbr\bin\server\jvm.dll
0x00007fffbdfe0000 - 0x00007fffbe08f000 	C:\Windows\System32\ADVAPI32.dll
0x00007fffbc690000 - 0x00007fffbc72c000 	C:\Windows\System32\sechost.dll
0x00007fffbca90000 - 0x00007fffbcbb6000 	C:\Windows\System32\RPCRT4.dll
0x00007fffa49d0000 - 0x00007fffa49d9000 	C:\Windows\SYSTEM32\WSOCK32.dll
0x00007fffbd2e0000 - 0x00007fffbd34b000 	C:\Windows\System32\WS2_32.dll
0x00007fffae080000 - 0x00007fffae0a7000 	C:\Windows\SYSTEM32\WINMM.dll
0x00007fffab5a0000 - 0x00007fffab5aa000 	C:\Windows\SYSTEM32\VERSION.dll
0x00007fffb8da0000 - 0x00007fffb8db2000 	C:\Windows\SYSTEM32\kernel.appcore.dll
0x00007fffbb500000 - 0x00007fffbb50a000 	C:\Program Files\Android\Android Studio1\jbr\bin\jimage.dll
0x00007fffbb560000 - 0x00007fffbb744000 	C:\Windows\SYSTEM32\DBGHELP.DLL
0x00007fffbb430000 - 0x00007fffbb464000 	C:\Windows\SYSTEM32\dbgcore.DLL
0x00007fffbbc30000 - 0x00007fffbbcb2000 	C:\Windows\System32\bcryptPrimitives.dll
0x00007fffb9cf0000 - 0x00007fffb9d15000 	C:\Program Files\Android\Android Studio1\jbr\bin\java.dll
0x00007fffb67f0000 - 0x00007fffb6808000 	C:\Program Files\Android\Android Studio1\jbr\bin\zip.dll
0x00007fffbd350000 - 0x00007fffbda94000 	C:\Windows\System32\SHELL32.dll
0x00007fffb8dc0000 - 0x00007fffb9553000 	C:\Windows\SYSTEM32\windows.storage.dll
0x00007fffbc730000 - 0x00007fffbca84000 	C:\Windows\System32\combase.dll
0x00007fffbad50000 - 0x00007fffbad7e000 	C:\Windows\SYSTEM32\Wldp.dll
0x00007fffbe110000 - 0x00007fffbe1bd000 	C:\Windows\System32\SHCORE.dll
0x00007fffbdf50000 - 0x00007fffbdfa5000 	C:\Windows\System32\shlwapi.dll
0x00007fffbba90000 - 0x00007fffbbaaf000 	C:\Windows\SYSTEM32\profapi.dll
0x00007fffb4a70000 - 0x00007fffb4a89000 	C:\Program Files\Android\Android Studio1\jbr\bin\net.dll
0x00007fffaf990000 - 0x00007fffafa9a000 	C:\Windows\SYSTEM32\WINHTTP.dll
0x00007fffbab30000 - 0x00007fffbab9a000 	C:\Windows\system32\mswsock.dll
0x00007fffb2e10000 - 0x00007fffb2e26000 	C:\Program Files\Android\Android Studio1\jbr\bin\nio.dll
0x00007fffb4590000 - 0x00007fffb45a0000 	C:\Program Files\Android\Android Studio1\jbr\bin\verify.dll
0x00007fffab6a0000 - 0x00007fffab6c7000 	C:\Users\ari\.gradle\native\68d5fa5c4cc2d200863cafc0d521ce42e7d3e7ee720ec0a83991735586a16f82\windows-amd64\native-platform.dll
0x00007fff92200000 - 0x00007fff92344000 	C:\Users\ari\.gradle\native\e376f236ea51e6404a007f0833ffe2c6e607c4080706a723a18a27aeea778392\windows-amd64\native-platform-file-events.dll
0x00007fffb9a10000 - 0x00007fffb9a19000 	C:\Program Files\Android\Android Studio1\jbr\bin\management.dll
0x00007fffb4650000 - 0x00007fffb465b000 	C:\Program Files\Android\Android Studio1\jbr\bin\management_ext.dll
0x00007fffbdf40000 - 0x00007fffbdf48000 	C:\Windows\System32\PSAPI.DLL
0x00007fffbb870000 - 0x00007fffbb888000 	C:\Windows\SYSTEM32\CRYPTSP.dll
0x00007fffba4d0000 - 0x00007fffba504000 	C:\Windows\system32\rsaenh.dll
0x00007fffbbcc0000 - 0x00007fffbbce7000 	C:\Windows\System32\bcrypt.dll
0x00007fffbba50000 - 0x00007fffbba7e000 	C:\Windows\SYSTEM32\USERENV.dll
0x00007fffbacc0000 - 0x00007fffbaccc000 	C:\Windows\SYSTEM32\CRYPTBASE.dll
0x00007fffba840000 - 0x00007fffba87c000 	C:\Windows\SYSTEM32\IPHLPAPI.DLL
0x00007fffbe290000 - 0x00007fffbe298000 	C:\Windows\System32\NSI.dll
0x00007fffaf480000 - 0x00007fffaf497000 	C:\Windows\SYSTEM32\dhcpcsvc6.DLL
0x00007fffaf3a0000 - 0x00007fffaf3bd000 	C:\Windows\SYSTEM32\dhcpcsvc.DLL
0x00007fffba880000 - 0x00007fffba94a000 	C:\Windows\SYSTEM32\DNSAPI.dll
0x00007fffb2ba0000 - 0x00007fffb2ba7000 	C:\Windows\system32\wshunix.dll
0x00007fffae070000 - 0x00007fffae07a000 	C:\Windows\System32\rasadhlp.dll
0x00007fffae130000 - 0x00007fffae1b2000 	C:\Windows\System32\fwpuclnt.dll

dbghelp: loaded successfully - version: 4.0.5 - missing functions: none
symbol engine: initialized successfully - sym options: 0x614 - pdb path: .;C:\Program Files\Android\Android Studio1\jbr\bin;C:\Windows\SYSTEM32;C:\Windows\WinSxS\amd64_microsoft.windows.common-controls_6595b64144ccf1df_6.0.19041.1110_none_60b5254171f9507e;C:\Program Files\Android\Android Studio1\jbr\bin\server;C:\Users\ari\.gradle\native\68d5fa5c4cc2d200863cafc0d521ce42e7d3e7ee720ec0a83991735586a16f82\windows-amd64;C:\Users\ari\.gradle\native\e376f236ea51e6404a007f0833ffe2c6e607c4080706a723a18a27aeea778392\windows-amd64

VM Arguments:
jvm_args: --add-opens=java.base/java.util=ALL-UNNAMED --add-opens=java.base/java.lang=ALL-UNNAMED --add-opens=java.base/java.lang.invoke=ALL-UNNAMED --add-opens=java.prefs/java.util.prefs=ALL-UNNAMED --add-opens=java.base/java.nio.charset=ALL-UNNAMED --add-opens=java.base/java.net=ALL-UNNAMED --add-opens=java.base/java.util.concurrent.atomic=ALL-UNNAMED -Xmx2048m -Dfile.encoding=UTF-8 -Duser.country=US -Duser.language=en -Duser.variant 
java_command: org.gradle.launcher.daemon.bootstrap.GradleDaemon 8.0
java_class_path (initial): C:\Users\ari\.gradle\wrapper\dists\gradle-8.0-bin\ca5e32bp14vu59qr306oxotwh\gradle-8.0\lib\gradle-launcher-8.0.jar
Launcher Type: SUN_STANDARD

[Global flags]
     intx CICompilerCount                          = 3                                         {product} {ergonomic}
     uint ConcGCThreads                            = 1                                         {product} {ergonomic}
     uint G1ConcRefinementThreads                  = 4                                         {product} {ergonomic}
   size_t G1HeapRegionSize                         = 1048576                                   {product} {ergonomic}
    uintx GCDrainStackTargetSize                   = 64                                        {product} {ergonomic}
   size_t InitialHeapSize                          = 134217728                                 {product} {ergonomic}
   size_t MarkStackSize                            = 4194304                                   {product} {ergonomic}
   size_t MaxHeapSize                              = 2147483648                                {product} {command line}
   size_t MaxNewSize                               = 1287651328                                {product} {ergonomic}
   size_t MinHeapDeltaBytes                        = 1048576                                   {product} {ergonomic}
   size_t MinHeapSize                              = 8388608                                   {product} {ergonomic}
    uintx NonNMethodCodeHeapSize                   = 5832780                                {pd product} {ergonomic}
    uintx NonProfiledCodeHeapSize                  = 122912730                              {pd product} {ergonomic}
    uintx ProfiledCodeHeapSize                     = 122912730                              {pd product} {ergonomic}
    uintx ReservedCodeCacheSize                    = 251658240                              {pd product} {ergonomic}
     bool SegmentedCodeCache                       = true                                      {product} {ergonomic}
   size_t SoftMaxHeapSize                          = 2147483648                             {manageable} {ergonomic}
     bool UseCompressedClassPointers               = true                           {product lp64_product} {ergonomic}
     bool UseCompressedOops                        = true                           {product lp64_product} {ergonomic}
     bool UseG1GC                                  = true                                      {product} {ergonomic}
     bool UseLargePagesIndividualAllocation        = false                                  {pd product} {ergonomic}

Logging:
Log output configuration:
 #0: stdout all=warning uptime,level,tags
 #1: stderr all=off uptime,level,tags

Environment Variables:
JAVA_HOME=C:\Program Files\Microsoft\jdk-11.0.18.10-hotspot\
PATH=C:\Program Files\Microsoft\jdk-11.0.18.10-hotspot\bin;C:\Program Files\Common Files\Oracle\Java\javapath;C:\Windows\system32;C:\Windows;C:\Windows\System32\Wbem;C:\Windows\System32\WindowsPowerShell\v1.0\;C:\Windows\System32\OpenSSH\;C:\Program Files\dotnet\;C:\ProgramData\chocolatey\bin;C:\Program Files\Git\cmd;D:\bin;C:\wamp64\bin\php\php8.0.26;C:\ProgramData\ComposerSetup\bin;C:\xampp\php;C:\Users\ari\AppData\Local\Microsoft\WindowsApps;C:\Users\ari\AppData\Local\Programs\Microsoft VS Code\bin;C:\Users\ari\AppData\Roaming\npm;C:\Users\ari\AppData\Local\Android\Sdk\platform-tools;C:\Users\ari\AppData\Roaming\Composer\vendor\bin;C:\php;C:\Program Files\nodejs\;C:\Program Files\Docker\Docker\resources\bin;C:\Users\ari\AppData\Local\Packages\PythonSoftwareFoundation.Python.3.9_qbz5n2kfra8p0\LocalCache\local-packages\Python39\Scripts;C:\Users\ari\AppData\Local\Microsoft\WindowsApps;C:\Users\ari\AppData\Local\Android\Sdk\platform-tools;C:\Users\ari\AppData\Roaming\Composer\vendor\bin;C:\Users\ari\AppData\Roaming\npm;C:\Users\ari\AppData\Local\Programs\Microsoft VS Code\bin;C:\msys64\mingw64\bin;
USERNAME=ari
OS=Windows_NT
PROCESSOR_IDENTIFIER=Intel64 Family 6 Model 61 Stepping 4, GenuineIntel
TMP=C:\Users\ari\AppData\Local\Temp
TEMP=C:\Users\ari\AppData\Local\Temp



---------------  S Y S T E M  ---------------

OS:
 Windows 10 , 64 bit Build 19041 (10.0.19041.3031)
OS uptime: 4 days 19:08 hours
Hyper-V role detected

CPU: total 4 (initial active 4) (2 cores per cpu, 2 threads per core) family 6 model 61 stepping 4 microcode 0x2f, cx8, cmov, fxsr, ht, mmx, 3dnowpref, sse, sse2, sse3, ssse3, sse4.1, sse4.2, popcnt, lzcnt, tsc, tscinvbit, avx, avx2, aes, erms, clmul, bmi1, bmi2, rtm, adx, fma, vzeroupper, clflush, hv

Memory: 4k page, system-wide physical 8067M (530M free)
TotalPageFile size 26011M (AvailPageFile size 14M)
current process WorkingSet (physical memory assigned to process): 294M, peak: 297M
current process commit charge ("private bytes"): 327M, peak: 350M

vm_info: OpenJDK 64-Bit Server VM (17.0.6+0-b2043.56-9586694) for windows-amd64 JRE (17.0.6+0-b2043.56-9586694), built on Feb  9 2023 20:06:20 by "androidbuild" with MS VC++ 16.10 / 16.11 (VS2019)

END.
